<?xml version="1.0" encoding="UTF-8"?>
<testsuite name="ApplicationTest" tests="4" skipped="0" failures="1" errors="0" timestamp="2022-08-08T15:37:52" hostname="HKMAC0702.local" time="2.019">
  <properties/>
  <testcase name="testRoot()" classname="ApplicationTest" time="1.361"/>
  <testcase name="testGetAccount1()" classname="ApplicationTest" time="0.311"/>
  <testcase name="testGetAccount2()" classname="ApplicationTest" time="0.158"/>
  <testcase name="testCreateTransfer()" classname="ApplicationTest" time="0.186">
    <failure message="java.lang.RuntimeException" type="java.lang.RuntimeException">java.lang.RuntimeException
	at com.example.services.TransferService$create$transfer$1.invoke(TransferService.kt:35)
	at com.example.services.TransferService$create$transfer$1.invoke(TransferService.kt:26)
	at org.jetbrains.exposed.sql.transactions.ThreadLocalTransactionManagerKt.inTopLevelTransaction$run(ThreadLocalTransactionManager.kt:189)
	at org.jetbrains.exposed.sql.transactions.ThreadLocalTransactionManagerKt.access$inTopLevelTransaction$run(ThreadLocalTransactionManager.kt:1)
	at org.jetbrains.exposed.sql.transactions.ThreadLocalTransactionManagerKt$inTopLevelTransaction$1.invoke(ThreadLocalTransactionManager.kt:215)
	at org.jetbrains.exposed.sql.transactions.ThreadLocalTransactionManagerKt.keepAndRestoreTransactionRefAfterRun(ThreadLocalTransactionManager.kt:223)
	at org.jetbrains.exposed.sql.transactions.ThreadLocalTransactionManagerKt.inTopLevelTransaction(ThreadLocalTransactionManager.kt:214)
	at org.jetbrains.exposed.sql.transactions.ThreadLocalTransactionManagerKt$transaction$1.invoke(ThreadLocalTransactionManager.kt:165)
	at org.jetbrains.exposed.sql.transactions.ThreadLocalTransactionManagerKt.keepAndRestoreTransactionRefAfterRun(ThreadLocalTransactionManager.kt:223)
	at org.jetbrains.exposed.sql.transactions.ThreadLocalTransactionManagerKt.transaction(ThreadLocalTransactionManager.kt:135)
	at org.jetbrains.exposed.sql.transactions.ThreadLocalTransactionManagerKt.transaction(ThreadLocalTransactionManager.kt:132)
	at org.jetbrains.exposed.sql.transactions.ThreadLocalTransactionManagerKt.transaction$default(ThreadLocalTransactionManager.kt:131)
	at com.example.services.TransferService.create(TransferService.kt:26)
	at com.example.RoutingKt$configureRouting$1$2$3.invokeSuspend(Routing.kt:41)
	at com.example.RoutingKt$configureRouting$1$2$3.invoke(Routing.kt)
	at com.example.RoutingKt$configureRouting$1$2$3.invoke(Routing.kt)
	at io.ktor.server.routing.Route$buildPipeline$1$1.invokeSuspend(Route.kt:116)
	at io.ktor.server.routing.Route$buildPipeline$1$1.invoke(Route.kt)
	at io.ktor.server.routing.Route$buildPipeline$1$1.invoke(Route.kt)
	at io.ktor.util.pipeline.DebugPipelineContext.proceedLoop(DebugPipelineContext.kt:80)
	at io.ktor.util.pipeline.DebugPipelineContext.proceed(DebugPipelineContext.kt:57)
	at io.ktor.util.pipeline.DebugPipelineContext.execute$ktor_utils(DebugPipelineContext.kt:63)
	at io.ktor.util.pipeline.Pipeline.execute(Pipeline.kt:77)
	at io.ktor.server.routing.Routing$executeResult$$inlined$execute$1.invokeSuspend(Pipeline.kt:478)
	at io.ktor.server.routing.Routing$executeResult$$inlined$execute$1.invoke(Pipeline.kt)
	at io.ktor.server.routing.Routing$executeResult$$inlined$execute$1.invoke(Pipeline.kt)
	at io.ktor.util.debug.ContextUtilsKt$initContextInDebugMode$2.invokeSuspend(ContextUtils.kt:20)
	at io.ktor.util.debug.ContextUtilsKt$initContextInDebugMode$2.invoke(ContextUtils.kt)
	at io.ktor.util.debug.ContextUtilsKt$initContextInDebugMode$2.invoke(ContextUtils.kt)
	at kotlinx.coroutines.intrinsics.UndispatchedKt.startUndispatchedOrReturn(Undispatched.kt:89)
	at kotlinx.coroutines.BuildersKt__Builders_commonKt.withContext(Builders.common.kt:169)
	at kotlinx.coroutines.BuildersKt.withContext(Unknown Source)
	at io.ktor.util.debug.ContextUtilsKt.initContextInDebugMode(ContextUtils.kt:20)
	at io.ktor.server.routing.Routing.executeResult(Routing.kt:174)
	at io.ktor.server.routing.Routing.interceptor(Routing.kt:49)
	at io.ktor.server.routing.Routing$Plugin$install$1.invokeSuspend(Routing.kt:124)
	at io.ktor.server.routing.Routing$Plugin$install$1.invoke(Routing.kt)
	at io.ktor.server.routing.Routing$Plugin$install$1.invoke(Routing.kt)
	at io.ktor.util.pipeline.DebugPipelineContext.proceedLoop(DebugPipelineContext.kt:80)
	at io.ktor.util.pipeline.DebugPipelineContext.proceed(DebugPipelineContext.kt:57)
	at io.ktor.server.engine.BaseApplicationEngineKt$installDefaultTransformationChecker$1.invokeSuspend(BaseApplicationEngine.kt:122)
	at io.ktor.server.engine.BaseApplicationEngineKt$installDefaultTransformationChecker$1.invoke(BaseApplicationEngine.kt)
	at io.ktor.server.engine.BaseApplicationEngineKt$installDefaultTransformationChecker$1.invoke(BaseApplicationEngine.kt)
	at io.ktor.util.pipeline.DebugPipelineContext.proceedLoop(DebugPipelineContext.kt:80)
	at io.ktor.util.pipeline.DebugPipelineContext.proceed(DebugPipelineContext.kt:57)
	at io.ktor.util.pipeline.DebugPipelineContext.execute$ktor_utils(DebugPipelineContext.kt:63)
	at io.ktor.util.pipeline.Pipeline.execute(Pipeline.kt:77)
	at io.ktor.server.testing.TestApplicationEngine$3$invokeSuspend$$inlined$execute$1.invokeSuspend(Pipeline.kt:478)
	at io.ktor.server.testing.TestApplicationEngine$3$invokeSuspend$$inlined$execute$1.invoke(Pipeline.kt)
	at io.ktor.server.testing.TestApplicationEngine$3$invokeSuspend$$inlined$execute$1.invoke(Pipeline.kt)
	at io.ktor.util.debug.ContextUtilsKt$initContextInDebugMode$2.invokeSuspend(ContextUtils.kt:20)
	at io.ktor.util.debug.ContextUtilsKt$initContextInDebugMode$2.invoke(ContextUtils.kt)
	at io.ktor.util.debug.ContextUtilsKt$initContextInDebugMode$2.invoke(ContextUtils.kt)
	at kotlinx.coroutines.intrinsics.UndispatchedKt.startUndispatchedOrReturn(Undispatched.kt:89)
	at kotlinx.coroutines.BuildersKt__Builders_commonKt.withContext(Builders.common.kt:169)
	at kotlinx.coroutines.BuildersKt.withContext(Unknown Source)
	at io.ktor.util.debug.ContextUtilsKt.initContextInDebugMode(ContextUtils.kt:20)
	at io.ktor.server.testing.TestApplicationEngine$3.invokeSuspend(TestApplicationEngine.kt:277)
	at io.ktor.server.testing.TestApplicationEngine$3.invoke(TestApplicationEngine.kt)
	at io.ktor.server.testing.TestApplicationEngine$3.invoke(TestApplicationEngine.kt)
	at io.ktor.server.testing.TestApplicationEngine$2.invokeSuspend(TestApplicationEngine.kt:80)
	at io.ktor.server.testing.TestApplicationEngine$2.invoke(TestApplicationEngine.kt)
	at io.ktor.server.testing.TestApplicationEngine$2.invoke(TestApplicationEngine.kt)
	at io.ktor.util.pipeline.DebugPipelineContext.proceedLoop(DebugPipelineContext.kt:80)
	at io.ktor.util.pipeline.DebugPipelineContext.proceed(DebugPipelineContext.kt:57)
	at io.ktor.util.pipeline.DebugPipelineContext.execute$ktor_utils(DebugPipelineContext.kt:63)
	at io.ktor.util.pipeline.Pipeline.execute(Pipeline.kt:77)
	at io.ktor.server.testing.TestApplicationEngine$handleRequest$pipelineJob$1$invokeSuspend$$inlined$execute$1.invokeSuspend(Pipeline.kt:478)
	at io.ktor.server.testing.TestApplicationEngine$handleRequest$pipelineJob$1$invokeSuspend$$inlined$execute$1.invoke(Pipeline.kt)
	at io.ktor.server.testing.TestApplicationEngine$handleRequest$pipelineJob$1$invokeSuspend$$inlined$execute$1.invoke(Pipeline.kt)
	at io.ktor.util.debug.ContextUtilsKt$initContextInDebugMode$2.invokeSuspend(ContextUtils.kt:20)
	at io.ktor.util.debug.ContextUtilsKt$initContextInDebugMode$2.invoke(ContextUtils.kt)
	at io.ktor.util.debug.ContextUtilsKt$initContextInDebugMode$2.invoke(ContextUtils.kt)
	at kotlinx.coroutines.intrinsics.UndispatchedKt.startUndispatchedOrReturn(Undispatched.kt:89)
	at kotlinx.coroutines.BuildersKt__Builders_commonKt.withContext(Builders.common.kt:169)
	at kotlinx.coroutines.BuildersKt.withContext(Unknown Source)
	at io.ktor.util.debug.ContextUtilsKt.initContextInDebugMode(ContextUtils.kt:20)
	at io.ktor.server.testing.TestApplicationEngine$handleRequest$pipelineJob$1.invokeSuspend(TestApplicationEngine.kt:276)
	at ???(Coroutine boundary.?(?)
	at io.ktor.server.routing.Routing.executeResult(Routing.kt:172)
	at io.ktor.server.routing.Routing$Plugin$install$1.invokeSuspend(Routing.kt:124)
	at io.ktor.util.pipeline.DebugPipelineContext.proceedLoop(DebugPipelineContext.kt:80)
	at io.ktor.server.engine.BaseApplicationEngineKt$installDefaultTransformationChecker$1.invokeSuspend(BaseApplicationEngine.kt:122)
	at io.ktor.util.pipeline.DebugPipelineContext.proceedLoop(DebugPipelineContext.kt:80)
	at io.ktor.util.pipeline.PipelineKt$execute$2.invokeSuspend(Pipeline.kt:478)
	at io.ktor.util.debug.ContextUtilsKt$initContextInDebugMode$2.invokeSuspend(ContextUtils.kt:20)
	at io.ktor.server.testing.TestApplicationEngine$3.invokeSuspend(TestApplicationEngine.kt:277)
	at io.ktor.server.testing.TestApplicationEngine$2.invokeSuspend(TestApplicationEngine.kt:80)
	at io.ktor.util.pipeline.DebugPipelineContext.proceedLoop(DebugPipelineContext.kt:80)
	at io.ktor.util.pipeline.PipelineKt$execute$2.invokeSuspend(Pipeline.kt:478)
	at io.ktor.util.debug.ContextUtilsKt$initContextInDebugMode$2.invokeSuspend(ContextUtils.kt:20)
	at io.ktor.server.testing.TestApplicationEngine$handleRequest$pipelineJob$1.invokeSuspend(TestApplicationEngine.kt:276)
	at ???(Coroutine creation stacktrace.?(?)
	at kotlin.coroutines.intrinsics.IntrinsicsKt__IntrinsicsJvmKt.createCoroutineUnintercepted(IntrinsicsJvm.kt:122)
	at kotlinx.coroutines.intrinsics.CancellableKt.startCoroutineCancellable(Cancellable.kt:30)
	at kotlinx.coroutines.BuildersKt__Builders_commonKt.async$default(Builders.common.kt:82)
	at kotlinx.coroutines.BuildersKt.async$default(Unknown Source)
	at io.ktor.server.testing.TestApplicationEngine.handleRequest(TestApplicationEngine.kt:187)
	at io.ktor.server.testing.TestApplicationEngine.handleRequest$default(TestApplicationEngine.kt:174)
	at io.ktor.server.testing.TestEngineKt.handleRequest(TestEngine.kt:37)
	at io.ktor.server.testing.client.TestHttpClientEngine.runRequest(TestHttpClientEngine.kt:73)
	at io.ktor.server.testing.client.TestHttpClientEngine.execute(TestHttpClientEngine.kt:58)
	at io.ktor.server.testing.client.DelegatingTestClientEngine.execute(DelegatingTestClientEngine.kt:56)
	at io.ktor.client.engine.HttpClientEngine$executeWithinCallContext$2.invokeSuspend(HttpClientEngine.kt:99)
	at kotlin.coroutines.jvm.internal.BaseContinuationImpl.resumeWith(ContinuationImpl.kt:33)
	at kotlinx.coroutines.DispatchedTask.run(DispatchedTask.kt:106)
	at kotlinx.coroutines.scheduling.CoroutineScheduler$Worker.run(CoroutineScheduler.kt:664)
	at io.ktor.server.testing.TestApplicationEngine$handleRequest$1.invokeSuspend(TestApplicationEngine.kt:192)
	at ???(Coroutine creation stacktrace.?(?)
	at kotlin.coroutines.intrinsics.IntrinsicsKt__IntrinsicsJvmKt.createCoroutineUnintercepted(IntrinsicsJvm.kt:122)
	at kotlinx.coroutines.intrinsics.CancellableKt.startCoroutineCancellable(Cancellable.kt:30)
	at kotlinx.coroutines.BuildersKt__BuildersKt.runBlocking(Builders.kt:58)
	at kotlinx.coroutines.BuildersKt.runBlocking(Unknown Source)
	at io.ktor.server.testing.TestApplicationEngine.handleRequest(TestApplicationEngine.kt:191)
	at io.ktor.server.testing.TestApplicationEngine$handleRequest$1.invokeSuspend(TestApplicationEngine.kt:192)
	at ???(Coroutine creation stacktrace.?(?)
	at kotlin.coroutines.intrinsics.IntrinsicsKt__IntrinsicsJvmKt.createCoroutineUnintercepted(IntrinsicsJvm.kt:122)
	at kotlinx.coroutines.intrinsics.CancellableKt.startCoroutineCancellable(Cancellable.kt:30)
	at kotlinx.coroutines.BuildersKt__BuildersKt.runBlocking(Builders.kt:58)
	at kotlinx.coroutines.BuildersKt.runBlocking(Unknown Source)
	at io.ktor.server.testing.TestApplicationEngine.handleRequest(TestApplicationEngine.kt:191)
	at io.ktor.client.engine.HttpClientEngine$DefaultImpls.executeWithinCallContext(HttpClientEngine.kt:100)
	at io.ktor.client.engine.HttpClientEngine$install$1.invokeSuspend(HttpClientEngine.kt:70)
	at io.ktor.client.engine.HttpClientEngine$DefaultImpls.executeWithinCallContext(HttpClientEngine.kt:100)
	at io.ktor.client.engine.HttpClientEngine$install$1.invokeSuspend(HttpClientEngine.kt:70)
	at io.ktor.client.plugins.HttpSend$DefaultSender.execute(HttpSend.kt:138)
	at io.ktor.client.plugins.HttpRedirect$Plugin$install$1.invokeSuspend(HttpRedirect.kt:61)
	at io.ktor.client.plugins.HttpCallValidator$Companion$install$3.invokeSuspend(HttpCallValidator.kt:147)
	at io.ktor.client.plugins.HttpSend$Plugin$install$1.invokeSuspend(HttpSend.kt:104)
	at io.ktor.client.plugins.DefaultTransformKt$defaultTransformers$1.invokeSuspend(DefaultTransform.kt:50)
	at io.ktor.client.plugins.contentnegotiation.ContentNegotiation$Plugin$install$1.invokeSuspend(ContentNegotiation.kt:131)
	at io.ktor.client.plugins.HttpCallValidator$Companion$install$1.invokeSuspend(HttpCallValidator.kt:126)
	at io.ktor.client.plugins.HttpRequestLifecycle$Plugin$install$1.invokeSuspend(HttpRequestLifecycle.kt:35)
	at io.ktor.client.statement.HttpStatement.executeUnsafe(HttpStatement.kt:107)
	at io.ktor.client.statement.HttpStatement.execute(HttpStatement.kt:46)
	at ApplicationTest$testCreateTransfer$1.invokeSuspend(ApplicationTest.kt:93)
	at io.ktor.server.testing.TestApplicationKt$testApplication$builder$1$1.invokeSuspend(TestApplication.kt:264)
	at ???(Coroutine creation stacktrace.?(?)
	at kotlin.coroutines.intrinsics.IntrinsicsKt__IntrinsicsJvmKt.createCoroutineUnintercepted(IntrinsicsJvm.kt:122)
	at kotlinx.coroutines.intrinsics.CancellableKt.startCoroutineCancellable(Cancellable.kt:30)
	at kotlinx.coroutines.BuildersKt__BuildersKt.runBlocking$default(Builders.kt:38)
	at kotlinx.coroutines.BuildersKt.runBlocking$default(Unknown Source)
	at io.ktor.server.testing.TestApplicationKt.testApplication(TestApplication.kt:264)
	at ApplicationTest.testCreateTransfer(ApplicationTest.kt:48)
	at java.base/jdk.internal.reflect.NativeMethodAccessorImpl.invoke0(Native Method)
	at java.base/jdk.internal.reflect.NativeMethodAccessorImpl.invoke(NativeMethodAccessorImpl.java:78)
	at java.base/jdk.internal.reflect.DelegatingMethodAccessorImpl.invoke(DelegatingMethodAccessorImpl.java:43)
	at java.base/java.lang.reflect.Method.invoke(Method.java:567)
	at org.junit.platform.commons.util.ReflectionUtils.invokeMethod(ReflectionUtils.java:686)
	at org.junit.jupiter.engine.execution.MethodInvocation.proceed(MethodInvocation.java:60)
	at org.junit.jupiter.engine.execution.InvocationInterceptorChain$ValidatingInvocation.proceed(InvocationInterceptorChain.java:131)
	at org.junit.jupiter.engine.extension.TimeoutExtension.intercept(TimeoutExtension.java:149)
	at org.junit.jupiter.engine.extension.TimeoutExtension.interceptTestableMethod(TimeoutExtension.java:140)
	at org.junit.jupiter.engine.extension.TimeoutExtension.interceptTestMethod(TimeoutExtension.java:84)
	at org.junit.jupiter.engine.execution.ExecutableInvoker$ReflectiveInterceptorCall.lambda$ofVoidMethod$0(ExecutableInvoker.java:115)
	at org.junit.jupiter.engine.execution.ExecutableInvoker.lambda$invoke$0(ExecutableInvoker.java:105)
	at org.junit.jupiter.engine.execution.InvocationInterceptorChain$InterceptedInvocation.proceed(InvocationInterceptorChain.java:106)
	at org.junit.jupiter.engine.execution.InvocationInterceptorChain.proceed(InvocationInterceptorChain.java:64)
	at org.junit.jupiter.engine.execution.InvocationInterceptorChain.chainAndInvoke(InvocationInterceptorChain.java:45)
	at org.junit.jupiter.engine.execution.InvocationInterceptorChain.invoke(InvocationInterceptorChain.java:37)
	at org.junit.jupiter.engine.execution.ExecutableInvoker.invoke(ExecutableInvoker.java:104)
	at org.junit.jupiter.engine.execution.ExecutableInvoker.invoke(ExecutableInvoker.java:98)
	at org.junit.jupiter.engine.descriptor.TestMethodTestDescriptor.lambda$invokeTestMethod$6(TestMethodTestDescriptor.java:205)
	at org.junit.platform.engine.support.hierarchical.ThrowableCollector.execute(ThrowableCollector.java:73)
	at org.junit.jupiter.engine.descriptor.TestMethodTestDescriptor.invokeTestMethod(TestMethodTestDescriptor.java:201)
	at org.junit.jupiter.engine.descriptor.TestMethodTestDescriptor.execute(TestMethodTestDescriptor.java:137)
	at org.junit.jupiter.engine.descriptor.TestMethodTestDescriptor.execute(TestMethodTestDescriptor.java:71)
	at org.junit.platform.engine.support.hierarchical.NodeTestTask.lambda$executeRecursively$5(NodeTestTask.java:135)
	at org.junit.platform.engine.support.hierarchical.ThrowableCollector.execute(ThrowableCollector.java:73)
	at org.junit.platform.engine.support.hierarchical.NodeTestTask.lambda$executeRecursively$7(NodeTestTask.java:125)
	at org.junit.platform.engine.support.hierarchical.Node.around(Node.java:135)
	at org.junit.platform.engine.support.hierarchical.NodeTestTask.lambda$executeRecursively$8(NodeTestTask.java:123)
	at org.junit.platform.engine.support.hierarchical.ThrowableCollector.execute(ThrowableCollector.java:73)
	at org.junit.platform.engine.support.hierarchical.NodeTestTask.executeRecursively(NodeTestTask.java:122)
	at org.junit.platform.engine.support.hierarchical.NodeTestTask.execute(NodeTestTask.java:80)
	at java.base/java.util.ArrayList.forEach(ArrayList.java:1511)
	at org.junit.platform.engine.support.hierarchical.SameThreadHierarchicalTestExecutorService.invokeAll(SameThreadHierarchicalTestExecutorService.java:38)
	at org.junit.platform.engine.support.hierarchical.NodeTestTask.lambda$executeRecursively$5(NodeTestTask.java:139)
	at org.junit.platform.engine.support.hierarchical.ThrowableCollector.execute(ThrowableCollector.java:73)
	at org.junit.platform.engine.support.hierarchical.NodeTestTask.lambda$executeRecursively$7(NodeTestTask.java:125)
	at org.junit.platform.engine.support.hierarchical.Node.around(Node.java:135)
	at org.junit.platform.engine.support.hierarchical.NodeTestTask.lambda$executeRecursively$8(NodeTestTask.java:123)
	at org.junit.platform.engine.support.hierarchical.ThrowableCollector.execute(ThrowableCollector.java:73)
	at org.junit.platform.engine.support.hierarchical.NodeTestTask.executeRecursively(NodeTestTask.java:122)
	at org.junit.platform.engine.support.hierarchical.NodeTestTask.execute(NodeTestTask.java:80)
	at java.base/java.util.ArrayList.forEach(ArrayList.java:1511)
	at org.junit.platform.engine.support.hierarchical.SameThreadHierarchicalTestExecutorService.invokeAll(SameThreadHierarchicalTestExecutorService.java:38)
	at org.junit.platform.engine.support.hierarchical.NodeTestTask.lambda$executeRecursively$5(NodeTestTask.java:139)
	at org.junit.platform.engine.support.hierarchical.ThrowableCollector.execute(ThrowableCollector.java:73)
	at org.junit.platform.engine.support.hierarchical.NodeTestTask.lambda$executeRecursively$7(NodeTestTask.java:125)
	at org.junit.platform.engine.support.hierarchical.Node.around(Node.java:135)
	at org.junit.platform.engine.support.hierarchical.NodeTestTask.lambda$executeRecursively$8(NodeTestTask.java:123)
	at org.junit.platform.engine.support.hierarchical.ThrowableCollector.execute(ThrowableCollector.java:73)
	at org.junit.platform.engine.support.hierarchical.NodeTestTask.executeRecursively(NodeTestTask.java:122)
	at org.junit.platform.engine.support.hierarchical.NodeTestTask.execute(NodeTestTask.java:80)
	at org.junit.platform.engine.support.hierarchical.SameThreadHierarchicalTestExecutorService.submit(SameThreadHierarchicalTestExecutorService.java:32)
	at org.junit.platform.engine.support.hierarchical.HierarchicalTestExecutor.execute(HierarchicalTestExecutor.java:57)
	at org.junit.platform.engine.support.hierarchical.HierarchicalTestEngine.execute(HierarchicalTestEngine.java:51)
	at org.junit.platform.launcher.core.EngineExecutionOrchestrator.execute(EngineExecutionOrchestrator.java:108)
	at org.junit.platform.launcher.core.EngineExecutionOrchestrator.execute(EngineExecutionOrchestrator.java:88)
	at org.junit.platform.launcher.core.EngineExecutionOrchestrator.lambda$execute$0(EngineExecutionOrchestrator.java:54)
	at org.junit.platform.launcher.core.EngineExecutionOrchestrator.withInterceptedStreams(EngineExecutionOrchestrator.java:67)
	at org.junit.platform.launcher.core.EngineExecutionOrchestrator.execute(EngineExecutionOrchestrator.java:52)
	at org.junit.platform.launcher.core.DefaultLauncher.execute(DefaultLauncher.java:96)
	at org.junit.platform.launcher.core.DefaultLauncher.execute(DefaultLauncher.java:75)
	at org.gradle.api.internal.tasks.testing.junitplatform.JUnitPlatformTestClassProcessor$CollectAllTestClassesExecutor.processAllTestClasses(JUnitPlatformTestClassProcessor.java:99)
	at org.gradle.api.internal.tasks.testing.junitplatform.JUnitPlatformTestClassProcessor$CollectAllTestClassesExecutor.access$000(JUnitPlatformTestClassProcessor.java:79)
	at org.gradle.api.internal.tasks.testing.junitplatform.JUnitPlatformTestClassProcessor.stop(JUnitPlatformTestClassProcessor.java:75)
	at org.gradle.api.internal.tasks.testing.SuiteTestClassProcessor.stop(SuiteTestClassProcessor.java:61)
	at java.base/jdk.internal.reflect.NativeMethodAccessorImpl.invoke0(Native Method)
	at java.base/jdk.internal.reflect.NativeMethodAccessorImpl.invoke(NativeMethodAccessorImpl.java:78)
	at java.base/jdk.internal.reflect.DelegatingMethodAccessorImpl.invoke(DelegatingMethodAccessorImpl.java:43)
	at java.base/java.lang.reflect.Method.invoke(Method.java:567)
	at org.gradle.internal.dispatch.ReflectionDispatch.dispatch(ReflectionDispatch.java:36)
	at org.gradle.internal.dispatch.ReflectionDispatch.dispatch(ReflectionDispatch.java:24)
	at org.gradle.internal.dispatch.ContextClassLoaderDispatch.dispatch(ContextClassLoaderDispatch.java:33)
	at org.gradle.internal.dispatch.ProxyDispatchAdapter$DispatchingInvocationHandler.invoke(ProxyDispatchAdapter.java:94)
	at jdk.proxy1/jdk.proxy1.$Proxy2.stop(Unknown Source)
	at org.gradle.api.internal.tasks.testing.worker.TestWorker$3.run(TestWorker.java:193)
	at org.gradle.api.internal.tasks.testing.worker.TestWorker.executeAndMaintainThreadName(TestWorker.java:129)
	at org.gradle.api.internal.tasks.testing.worker.TestWorker.execute(TestWorker.java:100)
	at org.gradle.api.internal.tasks.testing.worker.TestWorker.execute(TestWorker.java:60)
	at org.gradle.process.internal.worker.child.ActionExecutionWorker.execute(ActionExecutionWorker.java:56)
	at org.gradle.process.internal.worker.child.SystemApplicationClassLoaderWorker.call(SystemApplicationClassLoaderWorker.java:133)
	at org.gradle.process.internal.worker.child.SystemApplicationClassLoaderWorker.call(SystemApplicationClassLoaderWorker.java:71)
	at worker.org.gradle.process.internal.worker.GradleWorkerMain.run(GradleWorkerMain.java:69)
	at worker.org.gradle.process.internal.worker.GradleWorkerMain.main(GradleWorkerMain.java:74)
Caused by: java.lang.RuntimeException
	at com.example.services.TransferService$create$transfer$1.invoke(TransferService.kt:35)
	at com.example.services.TransferService$create$transfer$1.invoke(TransferService.kt:26)
	at org.jetbrains.exposed.sql.transactions.ThreadLocalTransactionManagerKt.inTopLevelTransaction$run(ThreadLocalTransactionManager.kt:189)
	at org.jetbrains.exposed.sql.transactions.ThreadLocalTransactionManagerKt.access$inTopLevelTransaction$run(ThreadLocalTransactionManager.kt:1)
	at org.jetbrains.exposed.sql.transactions.ThreadLocalTransactionManagerKt$inTopLevelTransaction$1.invoke(ThreadLocalTransactionManager.kt:215)
	at org.jetbrains.exposed.sql.transactions.ThreadLocalTransactionManagerKt.keepAndRestoreTransactionRefAfterRun(ThreadLocalTransactionManager.kt:223)
	at org.jetbrains.exposed.sql.transactions.ThreadLocalTransactionManagerKt.inTopLevelTransaction(ThreadLocalTransactionManager.kt:214)
	at org.jetbrains.exposed.sql.transactions.ThreadLocalTransactionManagerKt$transaction$1.invoke(ThreadLocalTransactionManager.kt:165)
	at org.jetbrains.exposed.sql.transactions.ThreadLocalTransactionManagerKt.keepAndRestoreTransactionRefAfterRun(ThreadLocalTransactionManager.kt:223)
	at org.jetbrains.exposed.sql.transactions.ThreadLocalTransactionManagerKt.transaction(ThreadLocalTransactionManager.kt:135)
	at org.jetbrains.exposed.sql.transactions.ThreadLocalTransactionManagerKt.transaction(ThreadLocalTransactionManager.kt:132)
	at org.jetbrains.exposed.sql.transactions.ThreadLocalTransactionManagerKt.transaction$default(ThreadLocalTransactionManager.kt:131)
	at com.example.services.TransferService.create(TransferService.kt:26)
	at com.example.RoutingKt$configureRouting$1$2$3.invokeSuspend(Routing.kt:41)
	at com.example.RoutingKt$configureRouting$1$2$3.invoke(Routing.kt)
	at com.example.RoutingKt$configureRouting$1$2$3.invoke(Routing.kt)
	at io.ktor.server.routing.Route$buildPipeline$1$1.invokeSuspend(Route.kt:116)
	at io.ktor.server.routing.Route$buildPipeline$1$1.invoke(Route.kt)
	at io.ktor.server.routing.Route$buildPipeline$1$1.invoke(Route.kt)
	at io.ktor.util.pipeline.DebugPipelineContext.proceedLoop(DebugPipelineContext.kt:80)
	at io.ktor.util.pipeline.DebugPipelineContext.proceed(DebugPipelineContext.kt:57)
	at io.ktor.util.pipeline.DebugPipelineContext.execute$ktor_utils(DebugPipelineContext.kt:63)
	at io.ktor.util.pipeline.Pipeline.execute(Pipeline.kt:77)
	at io.ktor.server.routing.Routing$executeResult$$inlined$execute$1.invokeSuspend(Pipeline.kt:478)
	at io.ktor.server.routing.Routing$executeResult$$inlined$execute$1.invoke(Pipeline.kt)
	at io.ktor.server.routing.Routing$executeResult$$inlined$execute$1.invoke(Pipeline.kt)
	at io.ktor.util.debug.ContextUtilsKt$initContextInDebugMode$2.invokeSuspend(ContextUtils.kt:20)
	at io.ktor.util.debug.ContextUtilsKt$initContextInDebugMode$2.invoke(ContextUtils.kt)
	at io.ktor.util.debug.ContextUtilsKt$initContextInDebugMode$2.invoke(ContextUtils.kt)
	at kotlinx.coroutines.intrinsics.UndispatchedKt.startUndispatchedOrReturn(Undispatched.kt:89)
	at kotlinx.coroutines.BuildersKt__Builders_commonKt.withContext(Builders.common.kt:169)
	at kotlinx.coroutines.BuildersKt.withContext(Unknown Source)
	at io.ktor.util.debug.ContextUtilsKt.initContextInDebugMode(ContextUtils.kt:20)
	at io.ktor.server.routing.Routing.executeResult(Routing.kt:174)
	at io.ktor.server.routing.Routing.interceptor(Routing.kt:49)
	at io.ktor.server.routing.Routing$Plugin$install$1.invokeSuspend(Routing.kt:124)
	at io.ktor.server.routing.Routing$Plugin$install$1.invoke(Routing.kt)
	at io.ktor.server.routing.Routing$Plugin$install$1.invoke(Routing.kt)
	at io.ktor.util.pipeline.DebugPipelineContext.proceedLoop(DebugPipelineContext.kt:80)
	at io.ktor.util.pipeline.DebugPipelineContext.proceed(DebugPipelineContext.kt:57)
	at io.ktor.server.engine.BaseApplicationEngineKt$installDefaultTransformationChecker$1.invokeSuspend(BaseApplicationEngine.kt:122)
	at io.ktor.server.engine.BaseApplicationEngineKt$installDefaultTransformationChecker$1.invoke(BaseApplicationEngine.kt)
	at io.ktor.server.engine.BaseApplicationEngineKt$installDefaultTransformationChecker$1.invoke(BaseApplicationEngine.kt)
	at io.ktor.util.pipeline.DebugPipelineContext.proceedLoop(DebugPipelineContext.kt:80)
	at io.ktor.util.pipeline.DebugPipelineContext.proceed(DebugPipelineContext.kt:57)
	at io.ktor.util.pipeline.DebugPipelineContext.execute$ktor_utils(DebugPipelineContext.kt:63)
	at io.ktor.util.pipeline.Pipeline.execute(Pipeline.kt:77)
	at io.ktor.server.testing.TestApplicationEngine$3$invokeSuspend$$inlined$execute$1.invokeSuspend(Pipeline.kt:478)
	at io.ktor.server.testing.TestApplicationEngine$3$invokeSuspend$$inlined$execute$1.invoke(Pipeline.kt)
	at io.ktor.server.testing.TestApplicationEngine$3$invokeSuspend$$inlined$execute$1.invoke(Pipeline.kt)
	at io.ktor.util.debug.ContextUtilsKt$initContextInDebugMode$2.invokeSuspend(ContextUtils.kt:20)
	at io.ktor.util.debug.ContextUtilsKt$initContextInDebugMode$2.invoke(ContextUtils.kt)
	at io.ktor.util.debug.ContextUtilsKt$initContextInDebugMode$2.invoke(ContextUtils.kt)
	at kotlinx.coroutines.intrinsics.UndispatchedKt.startUndispatchedOrReturn(Undispatched.kt:89)
	at kotlinx.coroutines.BuildersKt__Builders_commonKt.withContext(Builders.common.kt:169)
	at kotlinx.coroutines.BuildersKt.withContext(Unknown Source)
	at io.ktor.util.debug.ContextUtilsKt.initContextInDebugMode(ContextUtils.kt:20)
	at io.ktor.server.testing.TestApplicationEngine$3.invokeSuspend(TestApplicationEngine.kt:277)
	at io.ktor.server.testing.TestApplicationEngine$3.invoke(TestApplicationEngine.kt)
	at io.ktor.server.testing.TestApplicationEngine$3.invoke(TestApplicationEngine.kt)
	at io.ktor.server.testing.TestApplicationEngine$2.invokeSuspend(TestApplicationEngine.kt:80)
	at io.ktor.server.testing.TestApplicationEngine$2.invoke(TestApplicationEngine.kt)
	at io.ktor.server.testing.TestApplicationEngine$2.invoke(TestApplicationEngine.kt)
	at io.ktor.util.pipeline.DebugPipelineContext.proceedLoop(DebugPipelineContext.kt:80)
	at io.ktor.util.pipeline.DebugPipelineContext.proceed(DebugPipelineContext.kt:57)
	at io.ktor.util.pipeline.DebugPipelineContext.execute$ktor_utils(DebugPipelineContext.kt:63)
	at io.ktor.util.pipeline.Pipeline.execute(Pipeline.kt:77)
	at io.ktor.server.testing.TestApplicationEngine$handleRequest$pipelineJob$1$invokeSuspend$$inlined$execute$1.invokeSuspend(Pipeline.kt:478)
	at io.ktor.server.testing.TestApplicationEngine$handleRequest$pipelineJob$1$invokeSuspend$$inlined$execute$1.invoke(Pipeline.kt)
	at io.ktor.server.testing.TestApplicationEngine$handleRequest$pipelineJob$1$invokeSuspend$$inlined$execute$1.invoke(Pipeline.kt)
	at io.ktor.util.debug.ContextUtilsKt$initContextInDebugMode$2.invokeSuspend(ContextUtils.kt:20)
	at io.ktor.util.debug.ContextUtilsKt$initContextInDebugMode$2.invoke(ContextUtils.kt)
	at io.ktor.util.debug.ContextUtilsKt$initContextInDebugMode$2.invoke(ContextUtils.kt)
	at kotlinx.coroutines.intrinsics.UndispatchedKt.startUndispatchedOrReturn(Undispatched.kt:89)
	at kotlinx.coroutines.BuildersKt__Builders_commonKt.withContext(Builders.common.kt:169)
	at kotlinx.coroutines.BuildersKt.withContext(Unknown Source)
	at io.ktor.util.debug.ContextUtilsKt.initContextInDebugMode(ContextUtils.kt:20)
	at io.ktor.server.testing.TestApplicationEngine$handleRequest$pipelineJob$1.invokeSuspend(TestApplicationEngine.kt:276)
	at kotlin.coroutines.jvm.internal.BaseContinuationImpl.resumeWith(ContinuationImpl.kt:33)
	at kotlinx.coroutines.DispatchedTask.run(DispatchedTask.kt:106)
	at kotlinx.coroutines.internal.LimitedDispatcher.run(LimitedDispatcher.kt:42)
	at kotlinx.coroutines.scheduling.TaskImpl.run(Tasks.kt:95)
	at kotlinx.coroutines.scheduling.CoroutineScheduler.runSafely(CoroutineScheduler.kt:570)
	at kotlinx.coroutines.scheduling.CoroutineScheduler$Worker.executeTask(CoroutineScheduler.kt:750)
	at kotlinx.coroutines.scheduling.CoroutineScheduler$Worker.runWorker(CoroutineScheduler.kt:677)
	at kotlinx.coroutines.scheduling.CoroutineScheduler$Worker.run(CoroutineScheduler.kt:664)
</failure>
  </testcase>
  <system-out><![CDATA[2022-08-08 23:37:53.002 [DefaultDispatcher-worker-1 @call-context#2] DEBUG ktor.test - Java Home: /Users/marcusyip/Library/Java/JavaVirtualMachines/corretto-16.0.2/Contents
2022-08-08 23:37:53.006 [DefaultDispatcher-worker-1 @call-context#2] DEBUG ktor.test - Class Loader: jdk.internal.loader.ClassLoaders$AppClassLoader@7ad041f3: [/Users/marcusyip/Sources/IdeaProjects/account-manager/build/classes/kotlin/test/, /Users/marcusyip/Sources/IdeaProjects/account-manager/build/classes/kotlin/main/, /Users/marcusyip/Sources/IdeaProjects/account-manager/build/resources/main/, file:/Users/marcusyip/.gradle/caches/modules-2/files-2.1/org.jetbrains.kotlin/kotlin-stdlib-jdk8/1.7.10/d70d7d2c56371f7aa18f32e984e3e2e998fe9081/kotlin-stdlib-jdk8-1.7.10.jar!/META-INF/versions/9/, file:/Users/marcusyip/.gradle/caches/modules-2/files-2.1/com.zaxxer/HikariCP/5.0.1/a74c7f0a37046846e88d54f7cb6ea6d565c65f9c/HikariCP-5.0.1.jar!/META-INF/versions/11/, file:/Users/marcusyip/.gradle/caches/modules-2/files-2.1/org.jetbrains.kotlin/kotlin-test-junit5/1.7.10/1977faecddc1c312be4775e6110d3072f553d89d/kotlin-test-junit5-1.7.10.jar!/META-INF/versions/9/, file:/Users/marcusyip/.gradle/caches/modules-2/files-2.1/org.jetbrains.kotlin/kotlin-test/1.7.10/4d644a88cc0a386712d4b1c1b4ca748203421e07/kotlin-test-1.7.10.jar!/META-INF/versions/9/, file:/Users/marcusyip/.gradle/caches/modules-2/files-2.1/org.jetbrains.kotlin/kotlin-stdlib-jdk7/1.7.10/1ef73fee66f45d52c67e2aca12fd945dbe0659bf/kotlin-stdlib-jdk7-1.7.10.jar!/META-INF/versions/9/, file:/Users/marcusyip/.gradle/caches/modules-2/files-2.1/org.jetbrains.kotlinx/kotlinx-datetime-jvm/0.4.0/2224732fcb9b6116fbeb0926dd108604e578356b/kotlinx-datetime-jvm-0.4.0.jar!/META-INF/versions/9/, file:/Users/marcusyip/.gradle/caches/modules-2/files-2.1/org.jetbrains.kotlin/kotlin-reflect/1.7.10/165e600dfea6185cf5efa700756294cc4904dbeb/kotlin-reflect-1.7.10.jar!/META-INF/versions/9/, file:/Users/marcusyip/.gradle/caches/modules-2/files-2.1/org.jetbrains.kotlinx/kotlinx-serialization-json-jvm/1.3.2/83bf06c9ec6f37fbc0664f66cb220f18e845c1a6/kotlinx-serialization-json-jvm-1.3.2.jar!/META-INF/versions/9/, file:/Users/marcusyip/.gradle/caches/modules-2/files-2.1/org.jetbrains.kotlinx/kotlinx-serialization-core-jvm/1.3.2/e25f48b4e070f969aa7ac3374d467f9c7f088766/kotlinx-serialization-core-jvm-1.3.2.jar!/META-INF/versions/9/, file:/Users/marcusyip/.gradle/caches/modules-2/files-2.1/org.jetbrains.kotlin/kotlin-stdlib/1.7.10/d2abf9e77736acc4450dc4a3f707fa2c10f5099d/kotlin-stdlib-1.7.10.jar!/META-INF/versions/9/, file:/Users/marcusyip/.gradle/caches/modules-2/files-2.1/org.junit.platform/junit-platform-commons/1.6.0/b0a75795cf03841d4f9cc54099557baffc11c727/junit-platform-commons-1.6.0.jar!/META-INF/versions/9/, file:/Users/marcusyip/.gradle/caches/modules-2/files-2.1/net.bytebuddy/byte-buddy/1.10.9/2c03f15cd1131692feca93f190ed81412a3de961/byte-buddy-1.10.9.jar!/META-INF/versions/9/, file:/Users/marcusyip/.gradle/caches/modules-2/files-2.1/net.bytebuddy/byte-buddy-agent/1.10.9/cbbeffa557e6b1b4cbb181b0782436921c523699/byte-buddy-agent-1.10.9.jar!/META-INF/versions/9/, file:/Users/marcusyip/.gradle/caches/modules-2/files-2.1/ch.qos.logback/logback-classic/1.2.3/7c4f3c474fb2c041d8028740440937705ebb473a/logback-classic-1.2.3.jar!/ch, file:/Users/marcusyip/.gradle/caches/modules-2/files-2.1/ch.qos.logback/logback-core/1.2.3/864344400c3d4d92dfeb0a305dc87d953677c03c/logback-core-1.2.3.jar!/ch, file:/Users/marcusyip/.gradle/caches/modules-2/files-2.1/org.jetbrains.exposed/exposed-dao/0.39.1/2f3c685ab670c882577b9f8a1ce79d730c65715d/exposed-dao-0.39.1.jar!/org, file:/Users/marcusyip/.gradle/caches/modules-2/files-2.1/org.jetbrains.exposed/exposed-jdbc/0.39.1/f03931532133ed1b76a8b035d3fe592b4cebdd6/exposed-jdbc-0.39.1.jar!/org, file:/Users/marcusyip/.gradle/caches/modules-2/files-2.1/org.jetbrains.exposed/exposed-kotlin-datetime/0.39.1/c2ff770ae8fb2b3e1d38e0dc45e5dcb73ef537f5/exposed-kotlin-datetime-0.39.1.jar!/org, file:/Users/marcusyip/.gradle/caches/modules-2/files-2.1/org.jetbrains.exposed/exposed-core/0.39.1/2499f40a5a0044fa570aa289f7212af7ca6aebf6/exposed-core-0.39.1.jar!/org, file:/Users/marcusyip/.gradle/caches/modules-2/files-2.1/org.slf4j/slf4j-api/1.7.36/6c62681a2f655b49963a5983b8b0950a6120ae14/slf4j-api-1.7.36.jar!/org, file:/Users/marcusyip/.gradle/caches/modules-2/files-2.1/org.fusesource.jansi/jansi/2.4.0/321c614f85f1dea6bb08c1817c60d53b7f3552fd/jansi-2.4.0.jar!/org, file:/Users/marcusyip/.gradle/caches/modules-2/files-2.1/org.eclipse.jetty.alpn/alpn-api/1.1.3.v20160715/a1bf3a937f91b4c953acd13e8c9552347adc2198/alpn-api-1.1.3.v20160715.jar!/org, file:/Users/marcusyip/.gradle/caches/modules-2/files-2.1/org.jetbrains/annotations/13.0/919f0dfe192fb4e063e7dacadee7f8bb9a2672a9/annotations-13.0.jar!/org, file:/Users/marcusyip/.gradle/caches/modules-2/files-2.1/org.eclipse.jetty.http2/http2-http-client-transport/9.4.45.v20220203/6a85bcc8549f24283c0b91cf6ab27c8cabe33562/http2-http-client-transport-9.4.45.v20220203.jar!/org, file:/Users/marcusyip/.gradle/caches/modules-2/files-2.1/org.eclipse.jetty.http2/http2-client/9.4.45.v20220203/7633a1553998760dc57898f436f0b3951dd977aa/http2-client-9.4.45.v20220203.jar!/org, file:/Users/marcusyip/.gradle/caches/modules-2/files-2.1/org.eclipse.jetty/jetty-client/9.4.45.v20220203/4b90cc74f2af72854c681aa4978f78d54a99ec4e/jetty-client-9.4.45.v20220203.jar!/org, file:/Users/marcusyip/.gradle/caches/modules-2/files-2.1/junit/junit/4.13.2/8ac9e16d933b6fb43bc7f576336b8f4d7eb5ba12/junit-4.13.2.jar!/org, file:/Users/marcusyip/.gradle/caches/modules-2/files-2.1/org.junit.jupiter/junit-jupiter-api/5.6.0/f29e6318333d2303ce4965c9819cfad08de7d1e5/junit-jupiter-api-5.6.0.jar!/org, file:/Users/marcusyip/.gradle/caches/modules-2/files-2.1/org.junit.platform/junit-platform-engine/1.6.0/a3a6ec96c010875444b3ca31828108093758ec00/junit-platform-engine-1.6.0.jar!/org, file:/Users/marcusyip/.gradle/caches/modules-2/files-2.1/org.junit.jupiter/junit-jupiter-engine/5.6.0/83c9e737f6015d9e00029b9b1d51e952a884b8f9/junit-jupiter-engine-5.6.0.jar!/org, file:/Users/marcusyip/.gradle/caches/modules-2/files-2.1/org.eclipse.jetty.http2/http2-common/9.4.45.v20220203/ef739ca89ace1db977bd8d4b6b332a3639009a52/http2-common-9.4.45.v20220203.jar!/org, file:/Users/marcusyip/.gradle/caches/modules-2/files-2.1/org.eclipse.jetty/jetty-alpn-openjdk8-client/9.4.45.v20220203/8aeea9038fa3e9fd690d0476e1b2839c5689a038/jetty-alpn-openjdk8-client-9.4.45.v20220203.jar!/org, file:/Users/marcusyip/.gradle/caches/modules-2/files-2.1/org.eclipse.jetty/jetty-alpn-java-client/9.4.45.v20220203/d82a865d8c79c0a100c73b56de808e7a12a3cb39/jetty-alpn-java-client-9.4.45.v20220203.jar!/org, file:/Users/marcusyip/.gradle/caches/modules-2/files-2.1/org.eclipse.jetty/jetty-alpn-client/9.4.45.v20220203/a079c3590b8be5b1a8c5eed3dffa46c3d1a7517b/jetty-alpn-client-9.4.45.v20220203.jar!/org, file:/Users/marcusyip/.gradle/caches/modules-2/files-2.1/org.eclipse.jetty.http2/http2-hpack/9.4.45.v20220203/dfc26795030836acd938baf90278208ea7dd0a4f/http2-hpack-9.4.45.v20220203.jar!/org, file:/Users/marcusyip/.gradle/caches/modules-2/files-2.1/org.eclipse.jetty/jetty-http/9.4.45.v20220203/21041f5f0e381b9fe25f540385c51409e7753d5c/jetty-http-9.4.45.v20220203.jar!/org, file:/Users/marcusyip/.gradle/caches/modules-2/files-2.1/org.eclipse.jetty/jetty-io/9.4.45.v20220203/38b70c9b041717ed6dcd674ae250e912677564df/jetty-io-9.4.45.v20220203.jar!/org, file:/Users/marcusyip/.gradle/caches/modules-2/files-2.1/org.hamcrest/hamcrest-core/1.3/42a25dc3219429f0e5d060061f71acb49bf010a0/hamcrest-core-1.3.jar!/org, file:/Users/marcusyip/.gradle/caches/modules-2/files-2.1/org.apiguardian/apiguardian-api/1.1.0/fc9dff4bb36d627bdc553de77e1f17efd790876c/apiguardian-api-1.1.0.jar!/org, file:/Users/marcusyip/.gradle/caches/modules-2/files-2.1/org.opentest4j/opentest4j/1.2.0/28c11eb91f9b6d8e200631d46e20a7f407f2a046/opentest4j-1.2.0.jar!/org, file:/Users/marcusyip/.gradle/caches/modules-2/files-2.1/org.eclipse.jetty/jetty-util/9.4.45.v20220203/25d25cfb9808f304805e9dc7d3e4b00c7e8e1b76/jetty-util-9.4.45.v20220203.jar!/org, file:/Users/marcusyip/.gradle/caches/modules-2/files-2.1/io.ktor/ktor-server-tests-jvm/2.0.3/33722edc0b14ca75a68e8b3870bf3630d8f0ef2a/ktor-server-tests-jvm-2.0.3.jar!/io, file:/Users/marcusyip/.gradle/caches/modules-2/files-2.1/io.ktor/ktor-server-test-host-jvm/2.0.3/7e04adc3e64ae41bd4594eaeba5c6bf4bee4fdfb/ktor-server-test-host-jvm-2.0.3.jar!/io, file:/Users/marcusyip/.gradle/caches/modules-2/files-2.1/io.ktor/ktor-server-jvm/2.0.3/4708c5151dbdd713be7f341b4a1c35ece14e1afd/ktor-server-jvm-2.0.3.jar!/io, file:/Users/marcusyip/.gradle/caches/modules-2/files-2.1/io.ktor/ktor-server-call-id-jvm/2.0.3/f7ae07c69ca0aeb2494473481f6408ac76287dca/ktor-server-call-id-jvm-2.0.3.jar!/io, file:/Users/marcusyip/.gradle/caches/modules-2/files-2.1/io.ktor/ktor-server-call-logging-jvm/2.0.3/ffe1d3314d3e0641f95dc4d2d94786510386479f/ktor-server-call-logging-jvm-2.0.3.jar!/io, file:/Users/marcusyip/.gradle/caches/modules-2/files-2.1/io.ktor/ktor-server-content-negotiation-jvm/2.0.3/68fff70bb1f1a2727c221f8b7f3474b61b03fe7f/ktor-server-content-negotiation-jvm-2.0.3.jar!/io, file:/Users/marcusyip/.gradle/caches/modules-2/files-2.1/io.ktor/ktor-server-netty-jvm/2.0.3/d8af802b69fee80c9d176af41bd6571d79e37cad/ktor-server-netty-jvm-2.0.3.jar!/io, file:/Users/marcusyip/.gradle/caches/modules-2/files-2.1/io.ktor/ktor-server-host-common-jvm/2.0.3/9fffd4cfa48b881e6078aceaf4f741adfca01fbc/ktor-server-host-common-jvm-2.0.3.jar!/io, file:/Users/marcusyip/.gradle/caches/modules-2/files-2.1/io.ktor/ktor-server-websockets-jvm/2.0.3/ea981d9118d5b2ac0e6e8b1b3fc6c36eec4ab6a0/ktor-server-websockets-jvm-2.0.3.jar!/io, file:/Users/marcusyip/.gradle/caches/modules-2/files-2.1/io.ktor/ktor-server-auto-head-response-jvm/2.0.3/2d5db8a6d501fe0fb293c34c5bd1b8fc8f9c6aec/ktor-server-auto-head-response-jvm-2.0.3.jar!/io, file:/Users/marcusyip/.gradle/caches/modules-2/files-2.1/io.ktor/ktor-server-caching-headers-jvm/2.0.3/e8a059b4be0b7f62d9c7d958a4fc542f6ff576f5/ktor-server-caching-headers-jvm-2.0.3.jar!/io, file:/Users/marcusyip/.gradle/caches/modules-2/files-2.1/io.ktor/ktor-server-partial-content-jvm/2.0.3/6c25ca5ffc1597f373aa89fd656690dbdd1422d2/ktor-server-partial-content-jvm-2.0.3.jar!/io, file:/Users/marcusyip/.gradle/caches/modules-2/files-2.1/io.ktor/ktor-server-conditional-headers-jvm/2.0.3/ec1e83fc06920a489b29b3d0168b7e8cb8469696/ktor-server-conditional-headers-jvm-2.0.3.jar!/io, file:/Users/marcusyip/.gradle/caches/modules-2/files-2.1/io.ktor/ktor-server-cors-jvm/2.0.3/df87afd73f6d8cdd5daf24e315cc898541d9334b/ktor-server-cors-jvm-2.0.3.jar!/io, file:/Users/marcusyip/.gradle/caches/modules-2/files-2.1/io.ktor/ktor-server-data-conversion-jvm/2.0.3/8d18b74fef547abb78b2ad0281603a8e7c7fb392/ktor-server-data-conversion-jvm-2.0.3.jar!/io, file:/Users/marcusyip/.gradle/caches/modules-2/files-2.1/io.ktor/ktor-server-double-receive-jvm/2.0.3/96d83c14606219e7b1ca0bf3a1dd3f90bf214f10/ktor-server-double-receive-jvm-2.0.3.jar!/io, file:/Users/marcusyip/.gradle/caches/modules-2/files-2.1/io.ktor/ktor-server-forwarded-header-jvm/2.0.3/c244e64cd08cb3806ea6b1bbb957ff742e9a7460/ktor-server-forwarded-header-jvm-2.0.3.jar!/io, file:/Users/marcusyip/.gradle/caches/modules-2/files-2.1/io.ktor/ktor-server-hsts-jvm/2.0.3/b0ef98b9f52aaad097d6669be83045e7365da89a/ktor-server-hsts-jvm-2.0.3.jar!/io, file:/Users/marcusyip/.gradle/caches/modules-2/files-2.1/io.ktor/ktor-server-http-redirect-jvm/2.0.3/a01f79be0fcde4029049b46968281b9faeca3bfe/ktor-server-http-redirect-jvm-2.0.3.jar!/io, file:/Users/marcusyip/.gradle/caches/modules-2/files-2.1/io.ktor/ktor-server-status-pages-jvm/2.0.3/ec6a53f364c3e53004f28e2492b37aeb63d34e71/ktor-server-status-pages-jvm-2.0.3.jar!/io, file:/Users/marcusyip/.gradle/caches/modules-2/files-2.1/io.ktor/ktor-server-method-override-jvm/2.0.3/13012f2819eb64abf6eae802bead9dcccd7e7efd/ktor-server-method-override-jvm-2.0.3.jar!/io, file:/Users/marcusyip/.gradle/caches/modules-2/files-2.1/io.ktor/ktor-server-sessions-jvm/2.0.3/6e8f9e5272235b2ae061b2c0028045f3dc6c9375/ktor-server-sessions-jvm-2.0.3.jar!/io, file:/Users/marcusyip/.gradle/caches/modules-2/files-2.1/io.ktor/ktor-server-default-headers-jvm/2.0.3/68f2c28b052d08c8928f77194d94b10ecdad9460/ktor-server-default-headers-jvm-2.0.3.jar!/io, file:/Users/marcusyip/.gradle/caches/modules-2/files-2.1/io.ktor/ktor-server-compression-jvm/2.0.3/20578600123130f3ba1d7c31bf38fab9d68f2415/ktor-server-compression-jvm-2.0.3.jar!/io, file:/Users/marcusyip/.gradle/caches/modules-2/files-2.1/io.ktor/ktor-server-core-jvm/2.0.3/885635f3765fca5e519cc58c110d3e8d94030d42/ktor-server-core-jvm-2.0.3.jar!/io, file:/Users/marcusyip/.gradle/caches/modules-2/files-2.1/io.ktor/ktor-client-content-negotiation-jvm/2.0.3/f5705f79172e2f34d1e9ba6d0070fe8a5b16fe0b/ktor-client-content-negotiation-jvm-2.0.3.jar!/io, file:/Users/marcusyip/.gradle/caches/modules-2/files-2.1/io.ktor/ktor-serialization-kotlinx-json-jvm/2.0.3/822271fa504b6a3424c45a1eeae8ca5f8de686ee/ktor-serialization-kotlinx-json-jvm-2.0.3.jar!/io, file:/Users/marcusyip/.gradle/caches/modules-2/files-2.1/io.ktor/ktor-serialization-kotlinx-jvm/2.0.3/35129a9b6ac4bb1ede9889f855e49a12cc528e0e/ktor-serialization-kotlinx-jvm-2.0.3.jar!/io, file:/Users/marcusyip/.gradle/caches/modules-2/files-2.1/io.ktor/ktor-client-jetty-jvm/2.0.3/31b64b78eef090ab4d18a667f8716f7abb2a62a0/ktor-client-jetty-jvm-2.0.3.jar!/io, file:/Users/marcusyip/.gradle/caches/modules-2/files-2.1/io.ktor/ktor-client-cio-jvm/2.0.3/441a76bd95e9f33ae15bf1ae5c351b70537ca4d8/ktor-client-cio-jvm-2.0.3.jar!/io, file:/Users/marcusyip/.gradle/caches/modules-2/files-2.1/io.ktor/ktor-client-core-jvm/2.0.3/e070c1592e85cc10067f5dc65c4c5a3a4e0e8022/ktor-client-core-jvm-2.0.3.jar!/io, file:/Users/marcusyip/.gradle/caches/modules-2/files-2.1/io.ktor/ktor-websocket-serialization-jvm/2.0.3/5b524e8fb2b3afd052b81d72cff84d4242b66a49/ktor-websocket-serialization-jvm-2.0.3.jar!/io, file:/Users/marcusyip/.gradle/caches/modules-2/files-2.1/io.ktor/ktor-serialization-jvm/2.0.3/4ab5ab0c7e36c3ae5405f21de14325640688d7e7/ktor-serialization-jvm-2.0.3.jar!/io, file:/Users/marcusyip/.gradle/caches/modules-2/files-2.1/io.ktor/ktor-events-jvm/2.0.3/407b2eede064448e987162bbaf13b21d92546bee/ktor-events-jvm-2.0.3.jar!/io, file:/Users/marcusyip/.gradle/caches/modules-2/files-2.1/io.ktor/ktor-websockets-jvm/2.0.3/67920d884f3ea3d9c42efc83fc576cf95723090d/ktor-websockets-jvm-2.0.3.jar!/io, file:/Users/marcusyip/.gradle/caches/modules-2/files-2.1/io.ktor/ktor-http-cio-jvm/2.0.3/a475cb902fb598706d96422ac7fa49ace97eb5fa/ktor-http-cio-jvm-2.0.3.jar!/io, file:/Users/marcusyip/.gradle/caches/modules-2/files-2.1/io.ktor/ktor-http-jvm/2.0.3/cc8f40ea70fcd24540ceb256df2eb7ea97611435/ktor-http-jvm-2.0.3.jar!/io, file:/Users/marcusyip/.gradle/caches/modules-2/files-2.1/io.ktor/ktor-network-tls-certificates-jvm/2.0.3/123aceba4e19178b7c001dacaca675f5f60d4961/ktor-network-tls-certificates-jvm-2.0.3.jar!/io, file:/Users/marcusyip/.gradle/caches/modules-2/files-2.1/io.ktor/ktor-network-tls-jvm/2.0.3/76413c4192466bf5c2caeea23f5886eaa66f40a5/ktor-network-tls-jvm-2.0.3.jar!/io, file:/Users/marcusyip/.gradle/caches/modules-2/files-2.1/io.ktor/ktor-network-jvm/2.0.3/a6e37fbeaf3a36c627843601b748dcd084c4c23a/ktor-network-jvm-2.0.3.jar!/io, file:/Users/marcusyip/.gradle/caches/modules-2/files-2.1/io.ktor/ktor-utils-jvm/2.0.3/bb2d10070fa26e50d350a8efa133b4a95ebffdaa/ktor-utils-jvm-2.0.3.jar!/io, file:/Users/marcusyip/.gradle/caches/modules-2/files-2.1/io.ktor/ktor-test-dispatcher-jvm/2.0.3/679a902913baaf41ce1daab9a0271a8b987cb79/ktor-test-dispatcher-jvm-2.0.3.jar!/io, file:/Users/marcusyip/.gradle/caches/modules-2/files-2.1/io.ktor/ktor-io-jvm/2.0.3/d944d914b3a4686a91cbc8f68a0f034a322df15b/ktor-io-jvm-2.0.3.jar!/io, file:/Users/marcusyip/.gradle/caches/modules-2/files-2.1/io.netty/netty-codec-http2/4.1.77.Final/9e58eeeacc74f8ad2b2acb240b1f01d2c40159d7/netty-codec-http2-4.1.77.Final.jar!/io, file:/Users/marcusyip/.gradle/caches/modules-2/files-2.1/io.netty/netty-codec-http/4.1.77.Final/c5ac5afa9af5b4dc0e8bdbfd686979af77ebdb3c/netty-codec-http-4.1.77.Final.jar!/io, file:/Users/marcusyip/.gradle/caches/modules-2/files-2.1/io.netty/netty-handler/4.1.77.Final/47a81089de03635a27f509f3e4e13386ae1db275/netty-handler-4.1.77.Final.jar!/io, file:/Users/marcusyip/.gradle/caches/modules-2/files-2.1/io.netty/netty-codec/4.1.77.Final/4efc5f59335301d6ba0d7cd31dd10651119b03c8/netty-codec-4.1.77.Final.jar!/io, file:/Users/marcusyip/.gradle/caches/modules-2/files-2.1/io.netty/netty-transport-classes-kqueue/4.1.77.Final/d82618d83946911d0550fcccc87f18de85d7ade9/netty-transport-classes-kqueue-4.1.77.Final.jar!/io, file:/Users/marcusyip/.gradle/caches/modules-2/files-2.1/io.netty/netty-transport-classes-epoll/4.1.77.Final/dd70dbccbcf98382223a59044f3c08d8e9920cad/netty-transport-classes-epoll-4.1.77.Final.jar!/io, file:/Users/marcusyip/.gradle/caches/modules-2/files-2.1/io.netty/netty-transport-native-unix-common/4.1.77.Final/c95d53486414b3270d08057957c5da8e0c37e4eb/netty-transport-native-unix-common-4.1.77.Final.jar!/io, file:/Users/marcusyip/.gradle/caches/modules-2/files-2.1/io.netty/netty-transport/4.1.77.Final/2a3373bbd20d520c821f210bd5ee886788512043/netty-transport-4.1.77.Final.jar!/io, file:/Users/marcusyip/.gradle/caches/modules-2/files-2.1/io.netty/netty-buffer/4.1.77.Final/d97571f99e5e739d86824d0df99f35d295276b5f/netty-buffer-4.1.77.Final.jar!/io, file:/Users/marcusyip/.gradle/caches/modules-2/files-2.1/io.netty/netty-resolver/4.1.77.Final/4a239dbf8d8bb5f98aa51462c35011c0516395fd/netty-resolver-4.1.77.Final.jar!/io, file:/Users/marcusyip/.gradle/caches/modules-2/files-2.1/io.netty/netty-common/4.1.77.Final/ea0fc20f4e6178966b9d62017b7fcb83dfe0e713/netty-common-4.1.77.Final.jar!/io, /Users/marcusyip/Sources/IdeaProjects/account-manager/build/classes/kotlin/main/com, file:/Users/marcusyip/.gradle/caches/modules-2/files-2.1/com.typesafe/config/1.4.1/19058a07624a87f90d129af7cd9c68bee94535a9/config-1.4.1.jar!/com, file:/Users/marcusyip/.gradle/caches/modules-2/files-2.1/net.java.dev.jna/jna-platform/5.9.0/c535a5bda553d7d7690356c825010da74b2671b5/jna-platform-5.9.0.jar!/com, file:/Users/marcusyip/.gradle/caches/modules-2/files-2.1/net.java.dev.jna/jna/5.9.0/8f503e6d9b500ceff299052d6be75b38c7257758/jna-5.9.0.jar!/com, file:/Users/marcusyip/.gradle/caches/modules-2/files-2.1/org.jetbrains.kotlinx/kotlinx-coroutines-jdk8/1.6.4/5bc4b0bf6fd90fc190fd2f17e919c74c6274cb71/kotlinx-coroutines-jdk8-1.6.4.jar!/kotlinx, file:/Users/marcusyip/.gradle/caches/modules-2/files-2.1/org.jetbrains.kotlinx/kotlinx-coroutines-slf4j/1.6.4/9369fcabacb66a55ca3b7939b72bb0b62af112ce/kotlinx-coroutines-slf4j-1.6.4.jar!/kotlinx, file:/Users/marcusyip/.gradle/caches/modules-2/files-2.1/org.jetbrains.kotlinx/kotlinx-coroutines-core-jvm/1.6.4/2c997cd1c0ef33f3e751d3831929aeff1390cb30/kotlinx-coroutines-core-jvm-1.6.4.jar!/kotlinx, file:/Users/marcusyip/.gradle/caches/modules-2/files-2.1/org.jetbrains.kotlinx/kotlinx-coroutines-debug/1.6.4/44285dd6fcec4bad505400d075f2783d18a46a11/kotlinx-coroutines-debug-1.6.4.jar!/kotlinx, file:/Users/marcusyip/.gradle/caches/modules-2/files-2.1/org.jetbrains.kotlin/kotlin-stdlib-common/1.7.10/bac80c520d0a9e3f3673bc2658c6ed02ef45a76a/kotlin-stdlib-common-1.7.10.jar!/kotlin]
2022-08-08 23:37:53.020 [DefaultDispatcher-worker-1 @call-context#2] DEBUG ktor.test - Watching /Users/marcusyip/Sources/IdeaProjects/account-manager/build/classes/kotlin/test for changes.
2022-08-08 23:37:53.020 [DefaultDispatcher-worker-1 @call-context#2] DEBUG ktor.test - Watching /Users/marcusyip/Sources/IdeaProjects/account-manager/build/classes/kotlin/main/com/example/dtos for changes.
2022-08-08 23:37:53.021 [DefaultDispatcher-worker-1 @call-context#2] DEBUG ktor.test - Watching /Users/marcusyip/Sources/IdeaProjects/account-manager/build/classes/kotlin/main/com/example/repositories for changes.
2022-08-08 23:37:53.021 [DefaultDispatcher-worker-1 @call-context#2] DEBUG ktor.test - Watching /Users/marcusyip/Sources/IdeaProjects/account-manager/build/classes/kotlin/main/com/example/services for changes.
2022-08-08 23:37:53.021 [DefaultDispatcher-worker-1 @call-context#2] DEBUG ktor.test - Watching /Users/marcusyip/Sources/IdeaProjects/account-manager/build/classes/kotlin/main/com/example/entities for changes.
2022-08-08 23:37:53.021 [DefaultDispatcher-worker-1 @call-context#2] DEBUG ktor.test - Watching /Users/marcusyip/Sources/IdeaProjects/account-manager/build/classes/kotlin/main/com/example for changes.
2022-08-08 23:37:53.021 [DefaultDispatcher-worker-1 @call-context#2] DEBUG ktor.test - Watching /Users/marcusyip/Sources/IdeaProjects/account-manager/build/classes/kotlin/main/META-INF for changes.
2022-08-08 23:37:53.021 [DefaultDispatcher-worker-1 @call-context#2] DEBUG ktor.test - Watching /Users/marcusyip/Sources/IdeaProjects/account-manager/build/classes/kotlin/main/com/example/exceptions for changes.
2022-08-08 23:37:53.021 [DefaultDispatcher-worker-1 @call-context#2] DEBUG ktor.test - Watching /Users/marcusyip/Sources/IdeaProjects/account-manager/build/resources/main for changes.
2022-08-08 23:37:53.021 [DefaultDispatcher-worker-1 @call-context#2] DEBUG ktor.test - Watching /Users/marcusyip/Sources/IdeaProjects/account-manager/build/classes/kotlin/main/com for changes.
2022-08-08 23:37:53.021 [DefaultDispatcher-worker-1 @call-context#2] DEBUG ktor.test - Watching /Users/marcusyip/Sources/IdeaProjects/account-manager/build/classes/kotlin/test/META-INF for changes.
2022-08-08 23:37:53.022 [DefaultDispatcher-worker-1 @call-context#2] DEBUG ktor.test - Watching /Users/marcusyip/Sources/IdeaProjects/account-manager/build/classes/kotlin/main for changes.
2022-08-08 23:37:53.633 [DefaultDispatcher-worker-1 @call-context#2] DEBUG Exposed - SELECT SETTING_VALUE FROM INFORMATION_SCHEMA.SETTINGS WHERE SETTING_NAME = 'MODE'
SQL: SELECT SETTING_VALUE FROM INFORMATION_SCHEMA.SETTINGS WHERE SETTING_NAME = 'MODE'
2022-08-08 23:37:53.645 [DefaultDispatcher-worker-1 @call-context#2] DEBUG Exposed - SELECT ACCOUNTS.ID, ACCOUNTS.CURRENCY, ACCOUNTS.BALANCE, ACCOUNTS.LOCK_VERSION, ACCOUNTS.CREATED_AT, ACCOUNTS.UPDATED_AT FROM ACCOUNTS WHERE ACCOUNTS.ID = 12345678
SQL: SELECT ACCOUNTS.ID, ACCOUNTS.CURRENCY, ACCOUNTS.BALANCE, ACCOUNTS.LOCK_VERSION, ACCOUNTS.CREATED_AT, ACCOUNTS.UPDATED_AT FROM ACCOUNTS WHERE ACCOUNTS.ID = 12345678
2022-08-08 23:37:53.649 [DefaultDispatcher-worker-1 @call-context#2] DEBUG Exposed - SELECT ACCOUNTS.ID, ACCOUNTS.CURRENCY, ACCOUNTS.BALANCE, ACCOUNTS.LOCK_VERSION, ACCOUNTS.CREATED_AT, ACCOUNTS.UPDATED_AT FROM ACCOUNTS WHERE ACCOUNTS.ID = 88888888
SQL: SELECT ACCOUNTS.ID, ACCOUNTS.CURRENCY, ACCOUNTS.BALANCE, ACCOUNTS.LOCK_VERSION, ACCOUNTS.CREATED_AT, ACCOUNTS.UPDATED_AT FROM ACCOUNTS WHERE ACCOUNTS.ID = 88888888
2022-08-08 23:37:53.837 [DefaultDispatcher-worker-1 @call-context#2] INFO  ktor.test - Application started in 0.898 seconds.
2022-08-08 23:37:53.838 [DefaultDispatcher-worker-1 @call-context#2] INFO  ktor.test - Application started: io.ktor.server.application.Application@4b0c8e44
]]></system-out>
  <system-err><![CDATA[]]></system-err>
</testsuite>
